{"level":"info","message":"401 PATCH 1ms /api/projects/我的第2个项目xindsad {\"name\":\"我的第2个项目\"}","timestamp":"2017-09-20T04:49:43.716Z"}
{"level":"info","message":"401 PATCH  1ms /api/projects/我的第2个项目xindsad {\"name\":\"我的第2个项目\"}","timestamp":"2017-09-20T04:51:08.241Z"}
{"level":"info","message":"302 POST 1313ms /auth/login {\"username\":\"julian\",\"password\":\"1111\"}","timestamp":"2017-09-20T05:36:19.969Z"}
{"level":"info","message":"200 GET 3ms / {}","timestamp":"2017-09-20T05:36:19.985Z"}
{"level":"info","message":"201 PATCH 3ms /api/projects/我的第2个项目xindsad {\"name\":\"我的第2个项目\"}","timestamp":"2017-09-20T05:36:32.240Z"}
{"level":"info","message":"200 GET 7ms /api/projects?pageSize=30&pageNo=1 {}","timestamp":"2017-09-20T05:36:44.414Z"}
{"level":"info","message":"204 DELETE 3ms /api/projects/我的第2个项目 {\"name\":\"我的第2个项目\"}","timestamp":"2017-09-20T05:36:59.952Z"}
{"level":"info","message":"200 GET 7ms /api/projects?pageSize=30&pageNo=1 {}","timestamp":"2017-09-20T05:37:06.656Z"}
{"level":"info","message":"401 GET 1ms /api/projects?pageSize=30&pageNo=1 {}","timestamp":"2017-09-20T05:52:41.825Z"}
{"level":"info","message":"302 POST 1335ms /auth/login {\"username\":\"julian\",\"password\":\"1111\"}","timestamp":"2017-09-20T05:52:46.786Z"}
{"level":"info","message":"200 GET 2ms / {}","timestamp":"2017-09-20T05:52:46.796Z"}
{"level":"info","message":"200 GET 11ms /api/projects?pageSize=30&pageNo=1 {}","timestamp":"2017-09-20T05:52:47.228Z"}
{"level":"info","message":"204 DELETE 37663ms /api/projects/我的第3个项目 {\"name\":\"我的第2个项目\",\"isForceDelete\":\"true\"}","timestamp":"2017-09-20T05:53:55.421Z"}
{"level":"info","message":"200 GET 6ms /api/projects?pageSize=30&pageNo=1 {}","timestamp":"2017-09-20T05:54:49.664Z"}
{"level":"info","message":"200 GET 8ms /api/projects?pageSize=30&pageNo=1 {}","timestamp":"2017-09-20T05:55:10.736Z"}
{"level":"info","message":"401 DELETE 1ms /api/projects/我的第3个项目 {\"name\":\"我的第2个项目\",\"isForceDelete\":\"false\"}","timestamp":"2017-09-20T05:56:00.269Z"}
{"level":"info","message":"302 POST 1330ms /auth/login {\"username\":\"julian\",\"password\":\"1111\"}","timestamp":"2017-09-20T05:56:21.904Z"}
{"level":"info","message":"200 GET 4ms / {}","timestamp":"2017-09-20T05:56:21.918Z"}
{"level":"info","message":"204 DELETE 24096ms /api/projects/我的第3个项目 {\"name\":\"我的第2个项目\",\"isForceDelete\":\"false\"}","timestamp":"2017-09-20T05:56:51.008Z"}
{"level":"info","message":"200 GET 7ms /api/projects?pageSize=30&pageNo=1 {}","timestamp":"2017-09-20T05:57:13.936Z"}
{"level":"info","message":"302 POST 1334ms /auth/login {\"username\":\"julian\",\"password\":\"1111\"}","timestamp":"2017-09-20T05:57:45.174Z"}
{"level":"info","message":"200 GET 3ms / {}","timestamp":"2017-09-20T05:57:45.188Z"}
{"level":"info","message":"200 GET 10ms /api/projects?pageSize=30&pageNo=1 {}","timestamp":"2017-09-20T05:57:48.361Z"}
{"level":"info","message":"204 DELETE 12119ms /api/projects/我的第3个项目 {\"name\":\"我的第2个项目\",\"isForceDelete\":\"true\"}","timestamp":"2017-09-20T05:58:17.707Z"}
{"level":"info","message":"200 GET 11ms /api/projects?pageSize=30&pageNo=1 {}","timestamp":"2017-09-20T05:58:39.212Z"}
{"level":"info","message":"404 GET 426ms /api/search/projects?name=我的第4 {}","timestamp":"2017-09-20T06:09:40.105Z"}
{"level":"info","message":"302 POST 1307ms /auth/login {\"username\":\"julian\",\"password\":\"1111\"}","timestamp":"2017-09-20T06:10:02.843Z"}
{"level":"info","message":"200 GET 3ms / {}","timestamp":"2017-09-20T06:10:02.857Z"}
{"level":"info","message":"302 POST 1317ms /auth/login {\"username\":\"julian\",\"password\":\"1111\"}","timestamp":"2017-09-20T06:10:39.235Z"}
{"level":"info","message":"200 GET 4ms / {}","timestamp":"2017-09-20T06:10:39.250Z"}
{"level":"info","message":"200 GET 8ms /api/projects?pageSize=30&pageNo=1 {}","timestamp":"2017-09-20T06:10:44.211Z"}
{"level":"info","message":"302 POST 1328ms /auth/login {\"username\":\"julian\",\"password\":\"1111\"}","timestamp":"2017-09-20T06:12:20.425Z"}
{"level":"info","message":"200 GET 4ms / {}","timestamp":"2017-09-20T06:12:20.438Z"}
{"level":"info","message":"400 GET 38907ms /api/search/projects?name=我的第4 {}","timestamp":"2017-09-20T06:13:08.650Z"}
{"level":"info","message":"302 POST 1379ms /auth/login {\"username\":\"julian\",\"password\":\"1111\"}","timestamp":"2017-09-20T06:13:38.780Z"}
{"level":"info","message":"200 GET 3ms / {}","timestamp":"2017-09-20T06:13:38.794Z"}
{"level":"info","message":"200 GET 5153ms /api/search/projects?name=我的第4 {}","timestamp":"2017-09-20T06:13:46.446Z"}
{"level":"info","message":"200 GET 127810ms /api/search/projects?name=我的第4 {}","timestamp":"2017-09-20T06:16:20.125Z"}
{"level":"info","message":"302 POST 1314ms /auth/login {\"username\":\"julian\",\"password\":\"1111\"}","timestamp":"2017-09-20T06:17:35.173Z"}
{"level":"info","message":"200 GET 3ms / {}","timestamp":"2017-09-20T06:17:35.188Z"}
{"level":"info","message":"200 GET 4170ms /api/search/projects?name=我的第4 {}","timestamp":"2017-09-20T06:17:42.419Z"}
{"level":"info","message":"401 POST 1ms /api/projects/我的dd第2个项目/api1 {}","timestamp":"2017-09-20T06:25:12.008Z"}
{"level":"info","message":"302 POST 1357ms /auth/login {\"username\":\"julian\",\"password\":\"1111\"}","timestamp":"2017-09-20T06:25:27.308Z"}
{"level":"info","message":"200 GET 4ms / {}","timestamp":"2017-09-20T06:25:27.319Z"}
{"level":"info","message":"401 POST 1ms /api/projects/我的第2个项目/api1 {}","timestamp":"2017-09-20T07:01:51.755Z"}
{"level":"info","message":"302 POST 1386ms /auth/login {\"username\":\"julian\",\"password\":\"1111\"}","timestamp":"2017-09-20T07:01:56.505Z"}
{"level":"info","message":"200 GET 4ms / {}","timestamp":"2017-09-20T07:01:56.517Z"}
{"level":"info","message":"500 POST 7962ms /api/projects/我的第2个项目/api1 {}","timestamp":"2017-09-20T07:02:06.255Z"}
{"level":"info","message":"500 POST 2650ms /api/projects/我的第2个项目/api1 {}","timestamp":"2017-09-20T07:02:22.419Z"}
{"level":"info","message":"401 POST 1ms /api/projects/我的第2个项目/api1 {}","timestamp":"2017-09-20T07:02:57.264Z"}
{"level":"info","message":"302 POST 1365ms /auth/login {\"username\":\"julian\",\"password\":\"1111\"}","timestamp":"2017-09-20T07:03:01.961Z"}
{"level":"info","message":"200 GET 5ms / {}","timestamp":"2017-09-20T07:03:01.979Z"}
{"level":"info","message":"500 POST 2286ms /api/projects/我的第2个项目/api1 {}","timestamp":"2017-09-20T07:03:06.949Z"}
{"level":"info","message":"500 POST 50162ms /api/projects/我的第2个项目/api1 {}","timestamp":"2017-09-20T07:05:40.111Z"}
{"level":"info","message":"302 POST 1359ms /auth/login {\"username\":\"julian\",\"password\":\"1111\"}","timestamp":"2017-09-20T07:06:13.075Z"}
{"level":"info","message":"200 GET 3ms / {}","timestamp":"2017-09-20T07:06:13.088Z"}
{"level":"info","message":"500 POST 2918ms /api/projects/我的第2个项目/api1 {}","timestamp":"2017-09-20T07:06:17.726Z"}
{"level":"info","message":"401 POST 1ms /api/projects/我的第2个项目/api1 {}","timestamp":"2017-09-20T07:07:33.524Z"}
{"level":"info","message":"302 POST 1353ms /auth/login {\"username\":\"julian\",\"password\":\"1111\"}","timestamp":"2017-09-20T07:07:39.044Z"}
{"level":"info","message":"200 GET 3ms / {}","timestamp":"2017-09-20T07:07:39.055Z"}
{"level":"info","message":"500 POST 4802ms /api/projects/我的第2个项目/api1 {}","timestamp":"2017-09-20T07:07:44.599Z"}
{"level":"info","message":"401 POST 2ms /api/projects/我的第2个项目/api1 {}","timestamp":"2017-09-20T07:08:24.118Z"}
{"level":"info","message":"302 POST 1382ms /auth/login {\"username\":\"julian\",\"password\":\"1111\"}","timestamp":"2017-09-20T07:08:29.082Z"}
{"level":"info","message":"200 GET 3ms / {}","timestamp":"2017-09-20T07:08:29.095Z"}
{"level":"info","message":"400 POST 25915ms /api/projects/我的第2个项目/api1 {}","timestamp":"2017-09-20T07:08:57.200Z"}
{"level":"info","message":"302 POST 1292ms /auth/login {\"username\":\"julian\",\"password\":\"1111\"}","timestamp":"2017-09-20T07:12:08.902Z"}
{"level":"info","message":"200 GET 4ms / {}","timestamp":"2017-09-20T07:12:08.917Z"}
{"level":"info","message":"201 POST 32944ms /api/projects/我的第4个项目/api1 {}","timestamp":"2017-09-20T07:12:43.768Z"}
{"level":"info","message":"201 POST 77165ms /api/projects/我的第4个项目/api1 {}","timestamp":"2017-09-20T07:16:03.112Z"}
{"level":"info","message":"401 POST 1ms /api/projects/我的第4个项目/api1 {}","timestamp":"2017-09-20T07:16:20.161Z"}
{"level":"info","message":"302 POST 1332ms /auth/login {\"username\":\"julian\",\"password\":\"1111\"}","timestamp":"2017-09-20T07:16:27.514Z"}
{"level":"info","message":"200 GET 3ms / {}","timestamp":"2017-09-20T07:16:27.525Z"}
{"level":"info","message":"201 POST 61064ms /api/projects/我的第4个项目/api1 {}","timestamp":"2017-09-20T07:17:31.273Z"}
{"level":"info","message":"201 POST 5476ms /api/projects/我的第4个项目/api1 {\"reqUrl\":\"127.0.0.1/api\",\"method\":\"get\",\"canCrossDomain\":\"false\",\"mockRes\":\"{}\"}","timestamp":"2017-09-20T07:17:42.393Z"}
{"level":"info","message":"201 POST 78838ms /api/projects/我的第4个项目/api1 {\"reqUrl\":\"127.0.0.1/api\",\"method\":\"get\",\"canCrossDomain\":\"false\",\"mockRes\":\"{}\"}","timestamp":"2017-09-20T07:19:08.633Z"}
{"level":"info","message":"302 POST 1316ms /auth/login {\"username\":\"julian\",\"password\":\"1111\"}","timestamp":"2017-09-20T07:19:47.871Z"}
{"level":"info","message":"200 GET 3ms / {}","timestamp":"2017-09-20T07:19:47.884Z"}
{"level":"info","message":"201 POST 4640ms /api/projects/我的第4个项目/api1 {\"reqUrl\":\"127.0.0.1/api\",\"method\":\"get\",\"canCrossDomain\":\"false\",\"mockRes\":\"{}\"}","timestamp":"2017-09-20T07:19:54.592Z"}
{"level":"info","message":"201 POST 4644ms /api/projects/我的第4个项目/api1 {\"reqUrl\":\"127.0.0.1/api\",\"method\":\"get\",\"canCrossDomain\":\"false\",\"mockRes\":\"{}\"}","timestamp":"2017-09-20T07:20:02.616Z"}
{"level":"info","message":"302 POST 1374ms /auth/login {\"username\":\"julian\",\"password\":\"1111\"}","timestamp":"2017-09-20T07:21:23.685Z"}
{"level":"info","message":"200 GET 4ms / {}","timestamp":"2017-09-20T07:21:23.700Z"}
{"level":"info","message":"401 POST 1ms /api/projects/我的第1个项目 {\"name\":\"我的第2个项目\",\"isForceDelete\":\"true\"}","timestamp":"2017-09-20T07:28:14.900Z"}
{"level":"info","message":"302 POST 1348ms /auth/login {\"username\":\"julian\",\"password\":\"1111\"}","timestamp":"2017-09-20T07:28:20.694Z"}
{"level":"info","message":"200 GET 3ms / {}","timestamp":"2017-09-20T07:28:20.706Z"}
{"level":"info","message":"200 POST 8ms /api/projects/我的第1个项目 {\"name\":\"我的第2个项目\",\"isForceDelete\":\"true\"}","timestamp":"2017-09-20T07:28:23.578Z"}
{"level":"info","message":"401 POST 1ms /api/projects/我的第1个项目/api1 {\"reqUrl\":\"127.0.0.1/api\",\"method\":\"get\",\"canCrossDomain\":\"false\",\"mockRes\":\"{}\"}","timestamp":"2017-09-20T07:29:55.120Z"}
{"level":"info","message":"302 POST 1356ms /auth/login {\"username\":\"julian\",\"password\":\"1111\"}","timestamp":"2017-09-20T07:30:00.613Z"}
{"level":"info","message":"200 GET 3ms / {}","timestamp":"2017-09-20T07:30:00.625Z"}
{"level":"info","message":"302 POST 1374ms /auth/login {\"username\":\"julian\",\"password\":\"1111\"}","timestamp":"2017-09-20T07:44:28.736Z"}
{"level":"info","message":"200 GET 3ms / {}","timestamp":"2017-09-20T07:44:28.750Z"}
{"level":"info","message":"400 POST 6422ms /api/projects/我的第1个项目/api1 {\"reqUrl\":\"127.0.0.1/api\",\"method\":\"get\",\"canCrossDomain\":\"false\",\"mockRes\":\"{}\"}","timestamp":"2017-09-20T07:44:36.626Z"}
{"level":"info","message":"200 POST 7ms /api/projects/我的第1个项目 {\"name\":\"我的第2个项目\",\"isForceDelete\":\"true\"}","timestamp":"2017-09-20T07:44:40.904Z"}
{"level":"info","message":"302 POST 1348ms /auth/login {\"username\":\"julian\",\"password\":\"1111\"}","timestamp":"2017-09-20T07:46:20.954Z"}
{"level":"info","message":"200 GET 3ms / {}","timestamp":"2017-09-20T07:46:20.966Z"}
{"level":"info","message":"201 POST 3178ms /api/projects/我的第1个项目/api1 {\"reqUrl\":\"127.0.0.1/api\",\"method\":\"get\",\"canCrossDomain\":\"false\",\"mockRes\":\"{}\"}","timestamp":"2017-09-20T07:46:26.417Z"}
{"level":"info","message":"302 POST 1331ms /auth/login {\"username\":\"julian\",\"password\":\"1111\"}","timestamp":"2017-09-20T07:48:04.175Z"}
{"level":"info","message":"200 GET 4ms / {}","timestamp":"2017-09-20T07:48:04.195Z"}
{"level":"info","message":"400 POST 10423ms /api/projects/我的第1个项目/api1 {\"reqUrl\":\"127.0.0.1/api\",\"method\":\"get\",\"canCrossDomain\":\"false\",\"mockRes\":\"{}\"}","timestamp":"2017-09-20T07:48:15.587Z"}
{"level":"info","message":"200 POST 7ms /api/projects/我的第1个项目 {\"name\":\"我的第2个项目\",\"isForceDelete\":\"true\"}","timestamp":"2017-09-20T07:48:41.511Z"}
{"level":"info","message":"201 POST 3437ms /api/projects/我的第1个项目/api1 {\"reqUrl\":\"127.0.0.1/api\",\"method\":\"get\",\"canCrossDomain\":\"false\",\"mockRes\":\"{}\"}","timestamp":"2017-09-20T07:48:47.511Z"}
{"level":"info","message":"500 POST 69212ms /api/projects/我的第1个项目/api1 {\"reqUrl\":\"127.0.0.1/api\",\"method\":\"get\",\"canCrossDomain\":\"false\",\"mockRes\":\"{}\"}","timestamp":"2017-09-20T07:51:01.154Z"}
{"level":"info","message":"500 POST 2359ms /api/projects/我的第1个项目/api1 {\"reqUrl\":\"127.0.0.1/api\",\"method\":\"get\",\"canCrossDomain\":\"false\",\"mockRes\":\"{}\"}","timestamp":"2017-09-20T07:51:03.520Z"}
{"level":"info","message":"302 POST 1338ms /auth/login {\"username\":\"julian\",\"password\":\"1111\"}","timestamp":"2017-09-20T07:51:42.732Z"}
{"level":"info","message":"200 GET 3ms / {}","timestamp":"2017-09-20T07:51:42.745Z"}
{"level":"info","message":"201 POST 4685ms /api/projects/我的第1个项目/api1 {\"reqUrl\":\"127.0.0.1/api\",\"method\":\"get\",\"canCrossDomain\":\"false\",\"mockRes\":\"{}\"}","timestamp":"2017-09-20T07:51:48.115Z"}
{"level":"info","message":"302 POST 1367ms /auth/login {\"username\":\"julian\",\"password\":\"1111\"}","timestamp":"2017-09-20T07:52:27.460Z"}
{"level":"info","message":"200 GET 4ms / {}","timestamp":"2017-09-20T07:52:27.475Z"}
{"level":"info","message":"400 POST 6884ms /api/projects/我的第1个项目/api1 {\"reqUrl\":\"127.0.0.1/api\",\"method\":\"get\",\"canCrossDomain\":\"false\",\"mockRes\":\"{}\"}","timestamp":"2017-09-20T07:52:34.947Z"}
{"level":"info","message":"200 POST 5ms /api/projects/我的第1个项目 {\"name\":\"我的第2个项目\",\"isForceDelete\":\"true\"}","timestamp":"2017-09-20T07:52:56.819Z"}
{"level":"info","message":"201 POST 34156ms /api/projects/我的第1个项目/api1 {\"reqUrl\":\"127.0.0.1/api\",\"method\":\"get\",\"canCrossDomain\":\"false\",\"mockRes\":\"{}\"}","timestamp":"2017-09-20T07:53:33.040Z"}
{"level":"info","message":"302 POST 1347ms /auth/login {\"username\":\"julian\",\"password\":\"1111\"}","timestamp":"2017-09-20T08:06:58.009Z"}
{"level":"info","message":"200 GET 3ms / {}","timestamp":"2017-09-20T08:06:58.022Z"}
{"level":"info","message":"200 POST 9ms /api/projects/我的第1个项目 {\"name\":\"我的第2个项目\",\"isForceDelete\":\"true\"}","timestamp":"2017-09-20T08:07:00.287Z"}
{"level":"info","message":"401 POST 1ms /api/projects/我的第1个项目/api1 {\"reqUrl\":\"127.0.0.1/api\",\"method\":\"get\",\"canCrossDomain\":\"false\",\"mockRes\":\"{}\"}","timestamp":"2017-09-20T08:08:18.317Z"}
{"level":"info","message":"302 POST 1331ms /auth/login {\"username\":\"julian\",\"password\":\"1111\"}","timestamp":"2017-09-20T08:08:24.520Z"}
{"level":"info","message":"200 GET 4ms / {}","timestamp":"2017-09-20T08:08:24.533Z"}
{"level":"info","message":"401 POST 1ms /api/projects/我的第1个项目/api1 {\"reqUrl\":\"127.0.0.1/api\",\"method\":\"get\",\"canCrossDomain\":\"false\",\"mockRes\":\"{}\"}","timestamp":"2017-09-20T08:08:57.729Z"}
{"level":"info","message":"302 POST 1348ms /auth/login {\"username\":\"julian\",\"password\":\"1111\"}","timestamp":"2017-09-20T08:09:01.663Z"}
{"level":"info","message":"200 GET 4ms / {}","timestamp":"2017-09-20T08:09:01.676Z"}
{"level":"info","message":"201 POST 6434ms /api/projects/我的第1个项目/api1 {\"reqUrl\":\"127.0.0.1/api\",\"method\":\"get\",\"canCrossDomain\":\"false\",\"mockRes\":\"{}\"}","timestamp":"2017-09-20T08:09:08.213Z"}
{"level":"info","message":"201 POST 2919ms /api/projects/我的第1个项目/api2 {\"reqUrl\":\"127.0.0.1/api\",\"method\":\"get\",\"canCrossDomain\":\"false\",\"mockRes\":\"{}\"}","timestamp":"2017-09-20T08:10:12.696Z"}
{"level":"info","message":"201 POST 3870ms /api/projects/我的第1个项目/api2 {\"reqUrl\":\"127.0.0.1/api\",\"method\":\"get\",\"canCrossDomain\":\"false\",\"mockRes\":\"{}\"}","timestamp":"2017-09-20T08:10:25.381Z"}
{"level":"info","message":"200 POST 6ms /api/projects/我的第2个项目 {\"name\":\"我的第2个项目\",\"isForceDelete\":\"true\"}","timestamp":"2017-09-20T08:36:48.425Z"}
{"level":"info","message":"201 POST 1397443ms /api/projects/我的第1个项目/api2 {\"reqUrl\":\"127.0.0.1/api\",\"method\":\"get\",\"canCrossDomain\":\"false\",\"mockRes\":\"{}\"}","timestamp":"2017-09-20T09:01:08.376Z"}
{"level":"info","message":"201 POST 3518ms /api/projects/我的第1个项目/api2 {\"reqUrl\":\"127.0.0.1/api\",\"method\":\"get\",\"canCrossDomain\":\"false\",\"mockRes\":\"{}\"}","timestamp":"2017-09-20T09:01:11.903Z"}
{"level":"info","message":"401 POST 1ms /api/projects/我的第1个项目/api2 {\"reqUrl\":\"127.0.0.1/api\",\"method\":\"get\",\"canCrossDomain\":\"false\",\"mockRes\":\"{}\"}","timestamp":"2017-09-20T09:02:44.475Z"}
{"level":"info","message":"302 POST 1305ms /auth/login {\"username\":\"julian\",\"password\":\"1111\"}","timestamp":"2017-09-20T09:02:54.564Z"}
{"level":"info","message":"200 GET 3ms / {}","timestamp":"2017-09-20T09:02:54.576Z"}
{"level":"info","message":"302 POST 1395ms /auth/login {\"username\":\"julian\",\"password\":\"1111\"}","timestamp":"2017-09-20T09:04:36.357Z"}
{"level":"info","message":"200 GET 4ms / {}","timestamp":"2017-09-20T09:04:36.371Z"}
{"level":"info","message":"302 POST 1341ms /auth/login {\"username\":\"julian\",\"password\":\"1111\"}","timestamp":"2017-09-20T09:15:27.581Z"}
{"level":"info","message":"200 GET 3ms / {}","timestamp":"2017-09-20T09:15:27.594Z"}
{"level":"info","message":"200 POST 7ms /api/projects/我的第2个项目 {\"name\":\"我的第2个项目\",\"isForceDelete\":\"true\"}","timestamp":"2017-09-20T09:15:32.746Z"}
{"level":"info","message":"200 GET 8ms /api/projects?pageSize=30&pageNo=1 {}","timestamp":"2017-09-20T09:16:31.599Z"}
{"level":"info","message":"200 POST 7ms /api/projects/我的第1个项目 {\"name\":\"我的第2个项目\",\"isForceDelete\":\"true\"}","timestamp":"2017-09-20T09:16:56.645Z"}
{"level":"info","message":"302 POST 1315ms /auth/login {\"username\":\"julian\",\"password\":\"1111\"}","timestamp":"2017-09-20T09:55:45.147Z"}
{"level":"info","message":"200 GET 2ms / {}","timestamp":"2017-09-20T09:55:45.159Z"}
{"level":"info","message":"200 POST 10ms /api/projects/我的第1个项目 {\"name\":\"我的第2个项目\",\"isForceDelete\":\"true\"}","timestamp":"2017-09-20T09:55:50.322Z"}
{"level":"info","message":"201 POST 2854ms /api/projects/我的第1个项目/api2 {\"reqUrl\":\"127.0.0.1/api\",\"method\":\"get\",\"canCrossDomain\":\"false\",\"mockRes\":\"{}\"}","timestamp":"2017-09-20T09:56:03.177Z"}
{"level":"info","message":"201 POST 2347ms /api/projects/我的第1个项目/api1 {\"reqUrl\":\"127.0.0.1/api\",\"method\":\"get\",\"canCrossDomain\":\"false\",\"mockRes\":\"{}\"}","timestamp":"2017-09-20T09:56:14.703Z"}
{"level":"info","message":"302 POST 1464ms /auth/login {\"username\":\"julian\",\"password\":\"1111\"}","timestamp":"2017-09-20T09:57:35.335Z"}
{"level":"info","message":"200 GET 3ms / {}","timestamp":"2017-09-20T09:57:35.347Z"}
{"level":"info","message":"200 POST 9ms /api/projects/我的第1个项目 {\"name\":\"我的第2个项目\",\"isForceDelete\":\"true\"}","timestamp":"2017-09-20T09:57:38.040Z"}
{"level":"info","message":"201 POST 2970ms /api/projects/我的第1个项目/api1 {\"reqUrl\":\"127.0.0.1/api\",\"method\":\"get\",\"canCrossDomain\":\"false\",\"mockRes\":\"{}\"}","timestamp":"2017-09-20T09:57:44.100Z"}
{"level":"info","message":"201 POST 2827ms /api/projects/我的第1个项目/api2 {\"reqUrl\":\"127.0.0.1/api\",\"method\":\"get\",\"canCrossDomain\":\"false\",\"mockRes\":\"{}\"}","timestamp":"2017-09-20T09:57:51.560Z"}
{"level":"info","message":"302 POST 1315ms /auth/login {\"username\":\"julian\",\"password\":\"1111\"}","timestamp":"2017-09-20T09:58:52.143Z"}
{"level":"info","message":"200 GET 4ms / {}","timestamp":"2017-09-20T09:58:52.156Z"}
{"level":"info","message":"200 POST 5ms /api/projects/我的第1个项目 {\"name\":\"我的第2个项目\",\"isForceDelete\":\"true\"}","timestamp":"2017-09-20T09:58:54.234Z"}
{"level":"info","message":"201 POST 3316ms /api/projects/我的第1个项目/api2 {\"reqUrl\":\"127.0.0.1/api\",\"method\":\"get\",\"canCrossDomain\":\"false\",\"mockRes\":\"{}\"}","timestamp":"2017-09-20T09:58:59.410Z"}
{"level":"info","message":"201 POST 2332ms /api/projects/我的第1个项目/api1 {\"reqUrl\":\"127.0.0.1/api\",\"method\":\"get\",\"canCrossDomain\":\"false\",\"mockRes\":\"{}\"}","timestamp":"2017-09-20T09:59:06.543Z"}
{"level":"info","message":"500 POST 3004ms /api/projects/我的第1个项目/api1 {\"reqUrl\":\"127.0.0.1/api\",\"method\":\"get\",\"canCrossDomain\":\"false\",\"mockRes\":\"{}\"}","timestamp":"2017-09-20T10:22:28.879Z"}
{"level":"info","message":"302 POST 1336ms /auth/login {\"username\":\"julian\",\"password\":\"1111\"}","timestamp":"2017-09-20T10:23:24.239Z"}
{"level":"info","message":"200 GET 5ms / {}","timestamp":"2017-09-20T10:23:24.256Z"}
{"level":"info","message":"500 POST 220768ms /api/projects/我的第1个项目/api1 {\"reqUrl\":\"127.0.0.1/api\",\"method\":\"get\",\"canCrossDomain\":\"false\",\"mockRes\":\"{}\"}","timestamp":"2017-09-20T10:27:06.174Z"}
{"level":"info","message":"500 POST 18250ms /api/projects/我的第1个项目/api1 {\"reqUrl\":\"127.0.0.1/api\",\"method\":\"get\",\"canCrossDomain\":\"false\",\"mockRes\":\"{}\"}","timestamp":"2017-09-20T10:32:41.047Z"}
{"level":"info","message":"302 POST 1442ms /auth/login {\"username\":\"julian\",\"password\":\"1111\"}","timestamp":"2017-09-20T10:42:18.990Z"}
{"level":"info","message":"200 GET 4ms / {}","timestamp":"2017-09-20T10:42:19.003Z"}
{"level":"info","message":"201 POST 7951ms /api/projects/我的第1个项目/api3 {\"reqUrl\":\"127.0.0.1/api\",\"method\":\"get\",\"canCrossDomain\":\"false\",\"mockRes\":\"{}\"}","timestamp":"2017-09-20T10:42:27.549Z"}
{"level":"info","message":"302 POST 1345ms /auth/login {\"username\":\"julian\",\"password\":\"1111\"}","timestamp":"2017-09-20T10:43:01.965Z"}
{"level":"info","message":"200 GET 3ms / {}","timestamp":"2017-09-20T10:43:01.979Z"}
{"level":"info","message":"201 POST 5918ms /api/projects/我的第1个项目/api4 {\"reqUrl\":\"127.0.0.1/api\",\"method\":\"get\",\"canCrossDomain\":\"false\",\"mockRes\":\"{}\"}","timestamp":"2017-09-20T10:43:11.556Z"}
{"level":"info","message":"302 POST 1286ms /auth/login {\"username\":\"julian\",\"password\":\"1111\"}","timestamp":"2017-09-20T11:22:40.629Z"}
{"level":"info","message":"200 GET 3ms / {}","timestamp":"2017-09-20T11:22:40.641Z"}
{"level":"info","message":"302 POST 1366ms /auth/login {\"username\":\"julian\",\"password\":\"1111\"}","timestamp":"2017-09-20T11:25:01.769Z"}
{"level":"info","message":"200 GET 4ms / {}","timestamp":"2017-09-20T11:25:01.783Z"}
{"level":"info","message":"500 PUT 6673ms /api/projects/我的第1个项目/api4 {\"reqUrl\":\"127.0.0.1/api\",\"method\":\"get\",\"canCrossDomain\":\"false\",\"mockRes\":\"{state: 1}\"}","timestamp":"2017-09-20T11:26:06.018Z"}
{"level":"info","message":"500 PUT 67791ms /api/projects/我的第1个项目/api4 {\"reqUrl\":\"127.0.0.1/api\",\"method\":\"get\",\"canCrossDomain\":\"false\",\"mockRes\":\"{state: 1}\"}","timestamp":"2017-09-20T11:27:38.281Z"}
{"level":"info","message":"500 PUT 5201ms /api/projects/我的第1个项目/api4 {\"reqUrl\":\"127.0.0.1/api\",\"method\":\"get\",\"canCrossDomain\":\"false\",\"mockRes\":\"{state: 1}\"}","timestamp":"2017-09-20T11:27:50.841Z"}
{"level":"info","message":"401 PUT 1ms /api/projects/我的第1个项目/api4 {\"reqUrl\":\"127.0.0.1/api\",\"method\":\"get\",\"canCrossDomain\":\"false\",\"mockRes\":\"{state: 1}\"}","timestamp":"2017-09-20T11:27:58.339Z"}
{"level":"info","message":"302 POST 1393ms /auth/login {\"username\":\"julian\",\"password\":\"1111\"}","timestamp":"2017-09-20T11:28:03.104Z"}
{"level":"info","message":"200 GET 2ms / {}","timestamp":"2017-09-20T11:28:03.113Z"}
{"level":"info","message":"500 PUT 5651ms /api/projects/我的第1个项目/api4 {\"reqUrl\":\"127.0.0.1/api\",\"method\":\"get\",\"canCrossDomain\":\"false\",\"mockRes\":\"{state: 1}\"}","timestamp":"2017-09-20T11:28:08.897Z"}
{"level":"info","message":"500 PUT 138857ms /api/projects/我的第1个项目/api4 {\"reqUrl\":\"127.0.0.1/api\",\"method\":\"get\",\"canCrossDomain\":\"false\",\"mockRes\":\"{state: 1}\"}","timestamp":"2017-09-20T11:32:16.741Z"}
{"level":"info","message":"401 PUT 1ms /api/projects/我的第1个项目/api4 {\"reqUrl\":\"127.0.0.1/api\",\"method\":\"get\",\"canCrossDomain\":\"false\",\"mockRes\":\"{state: 1}\"}","timestamp":"2017-09-20T11:32:44.288Z"}
{"level":"info","message":"302 POST 1422ms /auth/login {\"username\":\"julian\",\"password\":\"1111\"}","timestamp":"2017-09-20T11:32:53.807Z"}
{"level":"info","message":"200 GET 3ms / {}","timestamp":"2017-09-20T11:32:53.820Z"}
{"level":"info","message":"500 PUT 6563ms /api/projects/我的第1个项目/api4 {\"reqUrl\":\"127.0.0.1/api\",\"method\":\"get\",\"canCrossDomain\":\"false\",\"mockRes\":\"{state: 1}\"}","timestamp":"2017-09-20T11:33:00.477Z"}
{"level":"info","message":"302 POST 1364ms /auth/login {\"username\":\"julian\",\"password\":\"1111\"}","timestamp":"2017-09-20T11:34:17.336Z"}
{"level":"info","message":"200 GET 3ms / {}","timestamp":"2017-09-20T11:34:17.353Z"}
{"level":"info","message":"500 PUT 8655ms /api/projects/我的第1个项目/api4 {\"reqUrl\":\"127.0.0.1/api\",\"method\":\"get\",\"canCrossDomain\":\"false\",\"mockRes\":\"{state: 1}\"}","timestamp":"2017-09-20T11:34:26.325Z"}
{"level":"info","message":"302 POST 1369ms /auth/login {\"username\":\"julian\",\"password\":\"1111\"}","timestamp":"2017-09-20T11:35:31.636Z"}
{"level":"info","message":"200 GET 3ms / {}","timestamp":"2017-09-20T11:35:31.651Z"}
{"level":"info","message":"400 PUT 2759ms /api/projects/我的第1个项目/api4 {\"reqUrl\":\"127.0.0.1/api\",\"method\":\"get\",\"canCrossDomain\":\"false\",\"mockRes\":\"{state: 1}\"}","timestamp":"2017-09-20T11:35:35.453Z"}
{"level":"info","message":"200 GET 6ms /api/projects?pageSize=30&pageNo=1 {}","timestamp":"2017-09-20T11:35:58.461Z"}
{"level":"info","message":"400 PUT 2783ms /api/projects/我的第1个项目/api3 {\"reqUrl\":\"127.0.0.1/api\",\"method\":\"get\",\"canCrossDomain\":\"false\",\"mockRes\":\"{state: 1}\"}","timestamp":"2017-09-20T11:36:34.313Z"}
{"level":"info","message":"400 PUT 28240ms /api/projects/我的第1个项目/api3 {\"reqUrl\":\"127.0.0.1/api\",\"method\":\"get\",\"canCrossDomain\":\"false\",\"mockRes\":\"{state: 1}\"}","timestamp":"2017-09-20T11:37:16.490Z"}
{"level":"info","message":"201 PUT 359816ms /api/projects/我的第1个项目/api1 {\"reqUrl\":\"127.0.0.1/api\",\"method\":\"get\",\"canCrossDomain\":\"false\",\"mockRes\":\"{state: 1}\"}","timestamp":"2017-09-20T11:43:21.582Z"}
{"level":"info","message":"401 PUT 1ms /api/projects/我的第1个项目/api1 {\"reqUrl\":\"127.0.0.1/api\",\"method\":\"get\",\"canCrossDomain\":\"false\",\"mockRes\":\"{state: 1}\"}","timestamp":"2017-09-20T11:46:03.220Z"}
{"level":"info","message":"302 POST 1427ms /auth/login {\"username\":\"julian\",\"password\":\"1111\"}","timestamp":"2017-09-20T11:46:08.052Z"}
{"level":"info","message":"200 GET 4ms / {}","timestamp":"2017-09-20T11:46:08.066Z"}
{"level":"info","message":"201 PUT 9900ms /api/projects/我的第1个项目/api1 {\"reqUrl\":\"127.0.0.1/api\",\"method\":\"get\",\"canCrossDomain\":\"false\",\"mockRes\":\"{state: 1}\"}","timestamp":"2017-09-20T11:46:18.132Z"}
{"level":"info","message":"401 PUT 1ms /api/projects/我的第1个项目/api1 {\"reqUrl\":\"127.0.0.1/api\",\"method\":\"get\",\"canCrossDomain\":\"false\",\"mockRes\":\"{state: 1}\"}","timestamp":"2017-09-20T11:46:35.373Z"}
{"level":"info","message":"302 POST 1345ms /auth/login {\"username\":\"julian\",\"password\":\"1111\"}","timestamp":"2017-09-20T11:46:39.232Z"}
{"level":"info","message":"200 GET 4ms / {}","timestamp":"2017-09-20T11:46:39.244Z"}
{"level":"info","message":"201 PUT 19443ms /api/projects/我的第1个项目/api1 {\"reqUrl\":\"127.0.0.1/api\",\"method\":\"get\",\"canCrossDomain\":\"false\",\"mockRes\":\"{state: 1}\"}","timestamp":"2017-09-20T11:46:58.888Z"}
{"level":"info","message":"302 POST 1434ms /auth/login {\"username\":\"julian\",\"password\":\"1111\"}","timestamp":"2017-09-20T12:09:55.012Z"}
{"level":"info","message":"200 GET 3ms / {}","timestamp":"2017-09-20T12:09:55.026Z"}
{"level":"info","message":"302 POST 1326ms /auth/login {\"username\":\"julian\",\"password\":\"1111\"}","timestamp":"2017-09-20T12:11:50.121Z"}
{"level":"info","message":"200 GET 3ms / {}","timestamp":"2017-09-20T12:11:50.134Z"}
{"level":"info","message":"201 PUT 6ms /api/projects/我的第1个项目/api1 {\"reqUrl\":\"127.0.0.1/api\",\"method\":\"get\",\"canCrossDomain\":\"false\",\"mockRes\":\"{state: 2}\"}","timestamp":"2017-09-20T12:11:50.780Z"}
{"level":"info","message":"401 PUT 1ms /api/projects/我的第1个项目/api1 {\"reqUrl\":\"127.0.0.1/api\",\"method\":\"get\",\"canCrossDomain\":\"false\",\"mockRes\":\"{state: 2}\"}","timestamp":"2017-09-20T12:12:18.950Z"}
{"level":"info","message":"302 POST 1383ms /auth/login {\"username\":\"julian\",\"password\":\"1111\"}","timestamp":"2017-09-20T12:12:23.572Z"}
{"level":"info","message":"200 GET 3ms / {}","timestamp":"2017-09-20T12:12:23.584Z"}
{"level":"info","message":"201 PUT 4ms /api/projects/我的第1个项目/api1 {\"reqUrl\":\"127.0.0.1/api\",\"method\":\"get\",\"canCrossDomain\":\"false\",\"mockRes\":\"{state: 2}\"}","timestamp":"2017-09-20T12:12:26.466Z"}
{"level":"info","message":"401 GET 1ms /api/projects/我的第1个项目/api1 {}","timestamp":"2017-09-20T12:26:15.753Z"}
{"level":"info","message":"302 POST 1396ms /auth/login {\"username\":\"julian\",\"password\":\"1111\"}","timestamp":"2017-09-20T12:26:19.863Z"}
{"level":"info","message":"200 GET 5ms /api/projects/我的第1个项目/api1 {}","timestamp":"2017-09-20T12:26:19.879Z"}
{"level":"info","message":"200 GET 8ms / {}","timestamp":"2017-09-20T12:26:19.885Z"}
{"level":"info","message":"401 GET 2ms /api/projects/我的第1个项目/api1 {}","timestamp":"2017-09-20T12:36:42.926Z"}
{"level":"info","message":"302 POST 1406ms /auth/login {\"username\":\"julian\",\"password\":\"1111\"}","timestamp":"2017-09-20T12:36:48.049Z"}
{"level":"info","message":"200 GET 3ms / {}","timestamp":"2017-09-20T12:36:48.063Z"}
{"level":"info","message":"200 GET 8ms /api/projects/我的第1个项目/api1 {}","timestamp":"2017-09-20T12:36:48.143Z"}
{"level":"info","message":"204 DELETE 3927ms /api/projects/我的第1个项目/api1 {\"reqUrl\":\"127.0.0.1/api\",\"method\":\"get\",\"canCrossDomain\":\"false\",\"mockRes\":\"{state: 2}\"}","timestamp":"2017-09-20T12:37:12.821Z"}
{"level":"info","message":"302 POST 1344ms /auth/login {\"username\":\"julian\",\"password\":\"1111\"}","timestamp":"2017-09-20T12:40:34.034Z"}
{"level":"info","message":"200 GET 4ms / {}","timestamp":"2017-09-20T12:40:34.050Z"}
{"level":"info","message":"204 DELETE 5ms /api/projects/我的第1个项目/api1 {\"reqUrl\":\"127.0.0.1/api\",\"method\":\"get\",\"canCrossDomain\":\"false\",\"mockRes\":\"{state: 2}\"}","timestamp":"2017-09-20T12:40:34.796Z"}
{"level":"info","message":"302 POST 1368ms /auth/login {\"username\":\"julian\",\"password\":\"1111\"}","timestamp":"2017-09-20T12:41:15.824Z"}
{"level":"info","message":"200 GET 5ms / {}","timestamp":"2017-09-20T12:41:15.841Z"}
{"level":"info","message":"204 DELETE 11293ms /api/projects/我的第1个项目/api1 {\"reqUrl\":\"127.0.0.1/api\",\"method\":\"get\",\"canCrossDomain\":\"false\",\"mockRes\":\"{state: 2}\"}","timestamp":"2017-09-20T12:41:27.333Z"}
{"level":"info","message":"204 DELETE 8408ms /api/projects/我的第1个项目/api1 {\"reqUrl\":\"127.0.0.1/api\",\"method\":\"get\",\"canCrossDomain\":\"false\",\"mockRes\":\"{state: 2}\",\"isForceDelete\":\"true\"}","timestamp":"2017-09-20T12:41:57.253Z"}
{"level":"info","message":"204 DELETE 7379ms /api/projects/我的第1个项目/api1 {\"reqUrl\":\"127.0.0.1/api\",\"method\":\"get\",\"canCrossDomain\":\"false\",\"mockRes\":\"{state: 2}\",\"isForceDelete\":\"true\"}","timestamp":"2017-09-20T12:42:13.375Z"}
{"level":"info","message":"401 GET 1ms /api/search/我的第1个项目/apis {}","timestamp":"2017-09-20T12:58:46.332Z"}
{"level":"info","message":"302 POST 1505ms /auth/login {\"username\":\"julian\",\"password\":\"1111\"}","timestamp":"2017-09-20T12:58:57.986Z"}
{"level":"info","message":"200 GET 3ms / {}","timestamp":"2017-09-20T12:58:57.997Z"}
{"level":"info","message":"500 GET 5ms /api/search/我的第1个项目/apis {}","timestamp":"2017-09-20T12:59:00.756Z"}
{"level":"info","message":"302 POST 1401ms /auth/login {\"username\":\"julian\",\"password\":\"1111\"}","timestamp":"2017-09-20T13:04:10.701Z"}
{"level":"info","message":"200 GET 3ms / {}","timestamp":"2017-09-20T13:04:10.716Z"}
{"level":"info","message":"200 GET 4ms /api/search/我的第1个项目/apis {}","timestamp":"2017-09-20T13:04:11.175Z"}
{"level":"info","message":"401 GET 2ms /api/search/我的第1个项目/apis {}","timestamp":"2017-09-20T13:05:29.451Z"}
{"level":"info","message":"302 POST 1386ms /auth/login {\"username\":\"julian\",\"password\":\"1111\"}","timestamp":"2017-09-20T13:05:33.869Z"}
{"level":"info","message":"404 GET 12661ms /api/search/我的第1个项目/apis {}","timestamp":"2017-09-20T13:05:46.546Z"}
{"level":"info","message":"200 GET 12673ms / {}","timestamp":"2017-09-20T13:05:46.557Z"}
{"level":"info","message":"200 GET 2278ms /api/search/我的第1个项目/apis?keyword=ap {}","timestamp":"2017-09-20T13:07:25.808Z"}
{"level":"info","message":"404 GET 391ms /projects/我的第1个项目/apis {}","timestamp":"2017-09-20T13:17:42.292Z"}
{"level":"info","message":"302 POST 1392ms /auth/login {\"username\":\"julian\",\"password\":\"1111\"}","timestamp":"2017-09-20T13:17:50.827Z"}
{"level":"info","message":"200 GET 3ms / {}","timestamp":"2017-09-20T13:17:50.838Z"}
{"level":"info","message":"404 GET 34ms /projects/我的第1个项目/apis {}","timestamp":"2017-09-20T13:17:53.554Z"}
{"level":"info","message":"404 GET 32ms /projects/我的第1个项目/apis {}","timestamp":"2017-09-20T13:18:19.596Z"}
{"level":"info","message":"404 GET 389ms /projects/我的第1个项目/apis {}","timestamp":"2017-09-20T13:18:27.288Z"}
{"level":"info","message":"302 POST 1359ms /auth/login {\"username\":\"julian\",\"password\":\"1111\"}","timestamp":"2017-09-20T13:18:50.305Z"}
{"level":"info","message":"200 GET 3ms / {}","timestamp":"2017-09-20T13:18:50.317Z"}
{"level":"info","message":"404 GET 478ms /projects/我的第1个项目/apis {}","timestamp":"2017-09-20T13:18:51.506Z"}
{"level":"info","message":"302 POST 1328ms /auth/login {\"username\":\"julian\",\"password\":\"1111\"}","timestamp":"2017-09-20T13:19:08.790Z"}
{"level":"info","message":"200 GET 3ms / {}","timestamp":"2017-09-20T13:19:08.802Z"}
{"level":"info","message":"404 GET 402ms /projects/我的第1个项目/apis {}","timestamp":"2017-09-20T13:19:10.827Z"}
{"level":"info","message":"404 GET 36ms /projects/projectName/apis {}","timestamp":"2017-09-20T13:20:09.086Z"}
{"level":"info","message":"302 POST 1345ms /auth/login {\"username\":\"julian\",\"password\":\"1111\"}","timestamp":"2017-09-20T13:20:36.722Z"}
{"level":"info","message":"200 GET 3ms / {}","timestamp":"2017-09-20T13:20:36.735Z"}
{"level":"info","message":"404 GET 349ms /projects/projectName/apis {}","timestamp":"2017-09-20T13:20:40.330Z"}
{"level":"info","message":"200 GET 5042ms /api/search/我的第1个项目/apis?keyword=ap {}","timestamp":"2017-09-20T13:21:59.708Z"}
{"level":"info","message":"401 GET 1ms /api/projects/projectName/apis {}","timestamp":"2017-09-20T13:22:56.727Z"}
{"level":"info","message":"302 POST 1314ms /auth/login {\"username\":\"julian\",\"password\":\"1111\"}","timestamp":"2017-09-20T13:23:00.919Z"}
{"level":"info","message":"200 GET 3ms / {}","timestamp":"2017-09-20T13:23:00.929Z"}
{"level":"info","message":"200 GET 6259ms /api/projects/projectName/apis {}","timestamp":"2017-09-20T13:23:08.281Z"}
{"level":"info","message":"200 GET 2868ms /api/projects/我的第1个项目/apis {}","timestamp":"2017-09-20T13:23:35.971Z"}
{"level":"info","message":"500 GET 2698ms /api/projects/我的第1个项目/apis?limit=2&PageNo=1 {}","timestamp":"2017-09-20T13:24:07.449Z"}
{"level":"info","message":"500 GET 8878ms /api/projects/我的第1个项目/apis?limit=2&PageNo=1 {}","timestamp":"2017-09-20T13:24:30.228Z"}
{"level":"info","message":"500 GET 33600ms /api/projects/我的第1个项目/apis?limit=2&PageNo=1 {}","timestamp":"2017-09-20T13:25:10.934Z"}
{"level":"info","message":"200 GET 2724ms /api/projects/我的第1个项目/apis?limit=2&pageNo=1 {}","timestamp":"2017-09-20T13:25:48.813Z"}
{"level":"info","message":"200 GET 2678ms /api/projects/我的第1个项目/apis?limit=2&pageNo=2 {}","timestamp":"2017-09-20T13:25:58.182Z"}
{"level":"info","message":"200 GET 29503ms /api/projects/我的第1个项目/apis?limit=2&pageNo=2 {}","timestamp":"2017-09-20T13:26:56.046Z"}
{"level":"info","message":"200 GET 42558ms /api/projects/我的第1个项目/apis?limit=2&pageNo=2 {}","timestamp":"2017-09-20T13:28:05.610Z"}
{"level":"info","message":"401 GET 1ms /api/projects/我的第1个项目/apis?limit=2&pageNo=2 {}","timestamp":"2017-09-20T13:28:37.734Z"}
{"level":"info","message":"302 POST 1398ms /auth/login {\"username\":\"julian\",\"password\":\"1111\"}","timestamp":"2017-09-20T13:28:42.390Z"}
{"level":"info","message":"200 GET 9804ms /api/projects/我的第1个项目/apis?limit=2&pageNo=2 {}","timestamp":"2017-09-20T13:28:52.212Z"}
{"level":"info","message":"200 GET 927ms / {}","timestamp":"2017-09-20T13:28:52.216Z"}
{"level":"info","message":"200 GET 3098ms /api/projects/我的第1个项目/apis {}","timestamp":"2017-09-20T13:30:08.184Z"}
{"level":"info","message":"200 GET 5788ms /api/projects/我的第1个项目/apis?limit=2&pageNo=2 {}","timestamp":"2017-09-20T13:30:21.501Z"}
{"level":"info","message":"401 GET 1ms /api/projects/我的第1个项目/apis?limit=2&pageNo=2 {}","timestamp":"2017-09-20T13:31:43.511Z"}
{"level":"info","message":"302 POST 1364ms /auth/login {\"username\":\"julian\",\"password\":\"1111\"}","timestamp":"2017-09-20T13:31:48.574Z"}
{"level":"info","message":"200 GET 4ms / {}","timestamp":"2017-09-20T13:31:48.585Z"}
{"level":"info","message":"200 GET 3231ms /api/projects/我的第1个项目/apis?limit=2&pageNo=2 {}","timestamp":"2017-09-20T13:31:52.086Z"}
{"level":"info","message":"\u001b[33m404\u001b[39m GET 218ms /json/version {}","timestamp":"2017-09-21T03:05:05.857Z"}
{"level":"info","message":"\u001b[33m404\u001b[39m GET 10ms /json {}","timestamp":"2017-09-21T03:05:05.870Z"}
{"level":"info","message":"\u001b[36m302\u001b[39m GET 2ms / {}","timestamp":"2017-09-21T03:05:49.294Z"}
{"level":"info","message":"\u001b[36m304\u001b[39m GET 2ms /auth/login {}","timestamp":"2017-09-21T03:05:49.304Z"}
{"level":"info","message":"\u001b[33m404\u001b[39m GET 16ms /favicon.ico {}","timestamp":"2017-09-21T03:05:50.559Z"}
{"level":"info","message":"\u001b[33m404\u001b[39m GET 10ms /favicon.ico {}","timestamp":"2017-09-21T03:06:05.653Z"}
{"level":"info","message":"\u001b[33m404\u001b[39m GET 16ms /favicon.ico {}","timestamp":"2017-09-21T03:06:21.091Z"}
{"level":"info","message":"\u001b[33m404\u001b[39m GET 9ms /json/version {}","timestamp":"2017-09-21T03:06:22.655Z"}
{"level":"info","message":"\u001b[33m404\u001b[39m GET 7ms /json {}","timestamp":"2017-09-21T03:06:22.664Z"}
{"level":"info","message":"\u001b[33m404\u001b[39m GET 7ms /favicon.ico {}","timestamp":"2017-09-21T03:06:36.457Z"}
{"level":"info","message":"\u001b[33m404\u001b[39m GET 13ms /json/version {}","timestamp":"2017-09-21T03:06:36.694Z"}
{"level":"info","message":"\u001b[33m404\u001b[39m GET 15ms /json {}","timestamp":"2017-09-21T03:06:36.712Z"}
{"level":"info","message":"\u001b[33m404\u001b[39m GET 11ms /favicon.ico {}","timestamp":"2017-09-21T03:06:40.366Z"}
{"level":"info","message":"\u001b[36m304\u001b[39m GET 1ms /auth/login {}","timestamp":"2017-09-21T03:07:12.173Z"}
{"level":"info","message":"\u001b[33m404\u001b[39m GET 7ms /favicon.ico {}","timestamp":"2017-09-21T03:07:12.572Z"}
{"level":"info","message":"\u001b[33m404\u001b[39m GET 10ms /favicon.ico {}","timestamp":"2017-09-21T03:07:25.315Z"}
{"level":"info","message":"\u001b[33m404\u001b[39m GET 13ms /favicon.ico {}","timestamp":"2017-09-21T03:07:27.694Z"}
{"level":"info","message":"\u001b[33m404\u001b[39m GET 7ms /favicon.ico {}","timestamp":"2017-09-21T03:07:28.899Z"}
{"level":"info","message":"\u001b[33m404\u001b[39m GET 6ms /json/version {}","timestamp":"2017-09-21T03:07:38.804Z"}
{"level":"info","message":"\u001b[33m404\u001b[39m GET 6ms /json {}","timestamp":"2017-09-21T03:07:38.812Z"}
{"level":"info","message":"\u001b[33m404\u001b[39m GET 6ms /favicon.ico {}","timestamp":"2017-09-21T03:07:45.246Z"}
{"level":"info","message":"\u001b[33m404\u001b[39m GET 6ms /favicon.ico {}","timestamp":"2017-09-21T03:08:16.073Z"}
{"level":"info","message":"\u001b[33m404\u001b[39m GET 4ms /favicon.ico {}","timestamp":"2017-09-21T03:08:18.113Z"}
{"level":"info","message":"\u001b[33m404\u001b[39m GET 5ms /favicon.ico {}","timestamp":"2017-09-21T03:08:39.752Z"}
{"level":"info","message":"\u001b[33m404\u001b[39m GET 6ms /json/version {}","timestamp":"2017-09-21T03:08:54.981Z"}
{"level":"info","message":"\u001b[33m404\u001b[39m GET 4ms /json {}","timestamp":"2017-09-21T03:08:54.986Z"}
{"level":"info","message":"\u001b[33m404\u001b[39m GET 7ms /favicon.ico {}","timestamp":"2017-09-21T03:08:58.497Z"}
{"level":"info","message":"\u001b[33m404\u001b[39m GET 5ms /favicon.ico {}","timestamp":"2017-09-21T03:08:58.701Z"}
{"level":"info","message":"\u001b[33m404\u001b[39m GET 5ms /favicon.ico {}","timestamp":"2017-09-21T03:09:03.852Z"}
{"level":"info","message":"\u001b[33m404\u001b[39m GET 4ms /favicon.ico {}","timestamp":"2017-09-21T03:09:04.986Z"}
{"level":"info","message":"\u001b[33m404\u001b[39m GET 9ms /favicon.ico {}","timestamp":"2017-09-21T03:09:05.419Z"}
{"level":"info","message":"\u001b[33m404\u001b[39m GET 4ms /json {}","timestamp":"2017-09-21T03:09:13.643Z"}
{"level":"info","message":"\u001b[33m404\u001b[39m GET 4ms /json {}","timestamp":"2017-09-21T03:09:14.144Z"}
{"level":"info","message":"\u001b[33m404\u001b[39m GET 5ms /json {}","timestamp":"2017-09-21T03:09:14.642Z"}
{"level":"info","message":"\u001b[33m404\u001b[39m GET 4ms /json {}","timestamp":"2017-09-21T03:09:15.144Z"}
{"level":"info","message":"\u001b[33m404\u001b[39m GET 5ms /json {}","timestamp":"2017-09-21T03:09:15.644Z"}
{"level":"info","message":"\u001b[33m404\u001b[39m GET 7ms /json {}","timestamp":"2017-09-21T03:09:16.144Z"}
{"level":"info","message":"\u001b[33m404\u001b[39m GET 5ms /json {}","timestamp":"2017-09-21T03:09:16.642Z"}
{"level":"info","message":"\u001b[33m404\u001b[39m GET 8ms /json {}","timestamp":"2017-09-21T03:09:17.145Z"}
{"level":"info","message":"\u001b[33m404\u001b[39m GET 7ms /json {}","timestamp":"2017-09-21T03:09:17.644Z"}
{"level":"info","message":"\u001b[33m404\u001b[39m GET 6ms /json {}","timestamp":"2017-09-21T03:09:18.143Z"}
{"level":"info","message":"\u001b[33m404\u001b[39m GET 5ms /json {}","timestamp":"2017-09-21T03:09:18.643Z"}
{"level":"info","message":"\u001b[33m404\u001b[39m GET 10ms /json {}","timestamp":"2017-09-21T03:09:19.153Z"}
{"level":"info","message":"\u001b[33m404\u001b[39m GET 5ms /json {}","timestamp":"2017-09-21T03:09:19.643Z"}
{"level":"info","message":"\u001b[33m404\u001b[39m GET 5ms /json {}","timestamp":"2017-09-21T03:09:20.144Z"}
{"level":"info","message":"\u001b[33m404\u001b[39m GET 5ms /favicon.ico {}","timestamp":"2017-09-21T03:09:24.556Z"}
{"level":"info","message":"\u001b[33m404\u001b[39m GET 6ms /json {}","timestamp":"2017-09-21T03:09:24.643Z"}
{"level":"info","message":"\u001b[33m404\u001b[39m GET 8ms /json {}","timestamp":"2017-09-21T03:09:25.147Z"}
{"level":"info","message":"\u001b[33m404\u001b[39m GET 4ms /json {}","timestamp":"2017-09-21T03:09:25.641Z"}
{"level":"info","message":"\u001b[33m404\u001b[39m GET 6ms /json {}","timestamp":"2017-09-21T03:09:26.145Z"}
{"level":"info","message":"\u001b[33m404\u001b[39m GET 3ms /json {}","timestamp":"2017-09-21T03:09:26.641Z"}
{"level":"info","message":"\u001b[33m404\u001b[39m GET 5ms /json {}","timestamp":"2017-09-21T03:09:27.142Z"}
{"level":"info","message":"\u001b[33m404\u001b[39m GET 5ms /json {}","timestamp":"2017-09-21T03:09:27.641Z"}
{"level":"info","message":"\u001b[33m404\u001b[39m GET 8ms /json {}","timestamp":"2017-09-21T03:09:28.872Z"}
{"level":"info","message":"\u001b[33m404\u001b[39m GET 4ms /json {}","timestamp":"2017-09-21T03:09:32.142Z"}
{"level":"info","message":"\u001b[33m404\u001b[39m GET 6ms /json {}","timestamp":"2017-09-21T03:09:32.643Z"}
{"level":"info","message":"\u001b[33m404\u001b[39m GET 4ms /json {}","timestamp":"2017-09-21T03:09:33.141Z"}
{"level":"info","message":"\u001b[33m404\u001b[39m GET 7ms /json {}","timestamp":"2017-09-21T03:09:33.648Z"}
{"level":"info","message":"\u001b[33m404\u001b[39m GET 5ms /json {}","timestamp":"2017-09-21T03:09:34.142Z"}
{"level":"info","message":"\u001b[33m404\u001b[39m GET 4ms /json {}","timestamp":"2017-09-21T03:09:34.641Z"}
{"level":"info","message":"\u001b[33m404\u001b[39m GET 7ms /json {}","timestamp":"2017-09-21T03:09:35.143Z"}
{"level":"info","message":"\u001b[33m404\u001b[39m GET 5ms /json {}","timestamp":"2017-09-21T03:09:35.645Z"}
{"level":"info","message":"\u001b[33m404\u001b[39m GET 5ms /favicon.ico {}","timestamp":"2017-09-21T03:09:35.772Z"}
{"level":"info","message":"\u001b[33m404\u001b[39m GET 3ms /json {}","timestamp":"2017-09-21T03:09:36.146Z"}
{"level":"info","message":"\u001b[33m404\u001b[39m GET 2ms /json {}","timestamp":"2017-09-21T03:09:36.642Z"}
{"level":"info","message":"\u001b[33m404\u001b[39m GET 3ms /json {}","timestamp":"2017-09-21T03:09:37.145Z"}
{"level":"info","message":"\u001b[33m404\u001b[39m GET 4ms /json {}","timestamp":"2017-09-21T03:09:37.644Z"}
{"level":"info","message":"\u001b[33m404\u001b[39m GET 4ms /json {}","timestamp":"2017-09-21T03:09:38.146Z"}
{"level":"info","message":"\u001b[33m404\u001b[39m GET 4ms /json {}","timestamp":"2017-09-21T03:09:38.643Z"}
{"level":"info","message":"\u001b[33m404\u001b[39m GET 2ms /favicon.ico {}","timestamp":"2017-09-21T03:09:38.973Z"}
{"level":"info","message":"\u001b[33m404\u001b[39m GET 4ms /json {}","timestamp":"2017-09-21T03:09:39.180Z"}
{"level":"info","message":"\u001b[33m404\u001b[39m GET 3ms /json {}","timestamp":"2017-09-21T03:09:39.643Z"}
{"level":"info","message":"\u001b[33m404\u001b[39m GET 3ms /json {}","timestamp":"2017-09-21T03:09:40.143Z"}
{"level":"info","message":"\u001b[33m404\u001b[39m GET 3ms /json {}","timestamp":"2017-09-21T03:09:40.642Z"}
{"level":"info","message":"\u001b[33m404\u001b[39m GET 4ms /json {}","timestamp":"2017-09-21T03:09:41.145Z"}
{"level":"info","message":"\u001b[33m404\u001b[39m GET 4ms /json {}","timestamp":"2017-09-21T03:09:41.643Z"}
{"level":"info","message":"\u001b[33m404\u001b[39m GET 4ms /json {}","timestamp":"2017-09-21T03:09:42.144Z"}
{"level":"info","message":"\u001b[33m404\u001b[39m GET 3ms /json {}","timestamp":"2017-09-21T03:09:42.643Z"}
{"level":"info","message":"\u001b[33m404\u001b[39m GET 3ms /favicon.ico {}","timestamp":"2017-09-21T03:09:42.671Z"}
{"level":"info","message":"\u001b[33m404\u001b[39m GET 3ms /json {}","timestamp":"2017-09-21T03:09:43.144Z"}
{"level":"info","message":"\u001b[33m404\u001b[39m GET 2ms /json {}","timestamp":"2017-09-21T03:09:43.644Z"}
{"level":"info","message":"\u001b[33m404\u001b[39m GET 4ms /favicon.ico {}","timestamp":"2017-09-21T03:09:43.956Z"}
{"level":"info","message":"\u001b[33m404\u001b[39m GET 3ms /json {}","timestamp":"2017-09-21T03:09:44.147Z"}
{"level":"info","message":"\u001b[33m404\u001b[39m GET 3ms /json {}","timestamp":"2017-09-21T03:09:44.643Z"}
{"level":"info","message":"\u001b[33m404\u001b[39m GET 3ms /json {}","timestamp":"2017-09-21T03:09:45.141Z"}
{"level":"info","message":"\u001b[33m404\u001b[39m GET 3ms /json {}","timestamp":"2017-09-21T03:09:45.642Z"}
{"level":"info","message":"\u001b[33m404\u001b[39m GET 4ms /json {}","timestamp":"2017-09-21T03:09:46.146Z"}
{"level":"info","message":"\u001b[33m404\u001b[39m GET 3ms /json {}","timestamp":"2017-09-21T03:09:46.644Z"}
{"level":"info","message":"\u001b[33m404\u001b[39m GET 3ms /json {}","timestamp":"2017-09-21T03:09:47.142Z"}
{"level":"info","message":"\u001b[33m404\u001b[39m GET 3ms /json {}","timestamp":"2017-09-21T03:09:47.644Z"}
{"level":"info","message":"\u001b[33m404\u001b[39m GET 4ms /json {}","timestamp":"2017-09-21T03:09:48.144Z"}
{"level":"info","message":"\u001b[33m404\u001b[39m GET 6ms /json {}","timestamp":"2017-09-21T03:09:50.645Z"}
{"level":"info","message":"\u001b[33m404\u001b[39m GET 5ms /json {}","timestamp":"2017-09-21T03:09:51.145Z"}
{"level":"info","message":"\u001b[33m404\u001b[39m GET 4ms /json {}","timestamp":"2017-09-21T03:09:51.643Z"}
{"level":"info","message":"\u001b[33m404\u001b[39m GET 4ms /json {}","timestamp":"2017-09-21T03:09:52.144Z"}
{"level":"info","message":"\u001b[33m404\u001b[39m GET 4ms /json {}","timestamp":"2017-09-21T03:09:52.643Z"}
{"level":"info","message":"\u001b[33m404\u001b[39m GET 6ms /json {}","timestamp":"2017-09-21T03:09:53.143Z"}
{"level":"info","message":"\u001b[33m404\u001b[39m GET 3ms /favicon.ico {}","timestamp":"2017-09-21T03:09:53.362Z"}
{"level":"info","message":"\u001b[33m404\u001b[39m GET 8ms /json {}","timestamp":"2017-09-21T03:09:53.646Z"}
{"level":"info","message":"\u001b[33m404\u001b[39m GET 2ms /json {}","timestamp":"2017-09-21T03:09:54.147Z"}
{"level":"info","message":"\u001b[33m404\u001b[39m GET 4ms /json {}","timestamp":"2017-09-21T03:09:54.641Z"}
{"level":"info","message":"\u001b[33m404\u001b[39m GET 4ms /json {}","timestamp":"2017-09-21T03:09:55.146Z"}
{"level":"info","message":"\u001b[33m404\u001b[39m GET 2ms /json {}","timestamp":"2017-09-21T03:09:55.644Z"}
{"level":"info","message":"\u001b[33m404\u001b[39m GET 3ms /json {}","timestamp":"2017-09-21T03:09:56.146Z"}
{"level":"info","message":"\u001b[33m404\u001b[39m GET 4ms /favicon.ico {}","timestamp":"2017-09-21T03:09:56.248Z"}
{"level":"info","message":"\u001b[33m404\u001b[39m GET 4ms /json {}","timestamp":"2017-09-21T03:09:56.644Z"}
{"level":"info","message":"\u001b[33m404\u001b[39m GET 4ms /json {}","timestamp":"2017-09-21T03:09:57.147Z"}
{"level":"info","message":"\u001b[33m404\u001b[39m GET 2ms /json {}","timestamp":"2017-09-21T03:09:57.642Z"}
{"level":"info","message":"\u001b[33m404\u001b[39m GET 4ms /json {}","timestamp":"2017-09-21T03:09:58.147Z"}
{"level":"info","message":"\u001b[33m404\u001b[39m GET 3ms /json {}","timestamp":"2017-09-21T03:09:58.644Z"}
{"level":"info","message":"\u001b[33m404\u001b[39m GET 2ms /json {}","timestamp":"2017-09-21T03:09:59.146Z"}
{"level":"info","message":"\u001b[33m404\u001b[39m GET 7ms /json {}","timestamp":"2017-09-21T03:09:59.648Z"}
{"level":"info","message":"\u001b[33m404\u001b[39m GET 3ms /json {}","timestamp":"2017-09-21T03:10:00.146Z"}
{"level":"info","message":"\u001b[33m404\u001b[39m GET 3ms /json {}","timestamp":"2017-09-21T03:10:00.643Z"}
{"level":"info","message":"\u001b[33m404\u001b[39m GET 3ms /json {}","timestamp":"2017-09-21T03:10:01.146Z"}
{"level":"info","message":"\u001b[33m404\u001b[39m GET 5ms /json {}","timestamp":"2017-09-21T03:10:01.643Z"}
{"level":"info","message":"\u001b[33m404\u001b[39m GET 5ms /json {}","timestamp":"2017-09-21T03:10:02.148Z"}
{"level":"info","message":"\u001b[33m404\u001b[39m GET 3ms /json {}","timestamp":"2017-09-21T03:10:02.644Z"}
{"level":"info","message":"\u001b[33m404\u001b[39m GET 4ms /json {}","timestamp":"2017-09-21T03:10:03.147Z"}
{"level":"info","message":"\u001b[33m404\u001b[39m GET 3ms /json {}","timestamp":"2017-09-21T03:10:03.641Z"}
{"level":"info","message":"\u001b[33m404\u001b[39m GET 6ms /favicon.ico {}","timestamp":"2017-09-21T03:10:03.962Z"}
{"level":"info","message":"\u001b[33m404\u001b[39m GET 6ms /json {}","timestamp":"2017-09-21T03:10:04.295Z"}
{"level":"info","message":"\u001b[33m404\u001b[39m GET 2ms /json {}","timestamp":"2017-09-21T03:10:04.676Z"}
{"level":"info","message":"\u001b[33m404\u001b[39m GET 3ms /json {}","timestamp":"2017-09-21T03:10:05.142Z"}
{"level":"info","message":"\u001b[33m404\u001b[39m GET 2ms /json {}","timestamp":"2017-09-21T03:10:05.642Z"}
{"level":"info","message":"\u001b[33m404\u001b[39m GET 2ms /json {}","timestamp":"2017-09-21T03:10:06.141Z"}
{"level":"info","message":"\u001b[33m404\u001b[39m GET 3ms /json {}","timestamp":"2017-09-21T03:10:06.641Z"}
{"level":"info","message":"\u001b[33m404\u001b[39m GET 3ms /json {}","timestamp":"2017-09-21T03:10:07.142Z"}
{"level":"info","message":"\u001b[33m404\u001b[39m GET 3ms /json {}","timestamp":"2017-09-21T03:10:07.642Z"}
{"level":"info","message":"\u001b[33m404\u001b[39m GET 2ms /json {}","timestamp":"2017-09-21T03:10:08.141Z"}
{"level":"info","message":"\u001b[33m404\u001b[39m GET 3ms /json {}","timestamp":"2017-09-21T03:10:08.641Z"}
{"level":"info","message":"\u001b[33m404\u001b[39m GET 2ms /json {}","timestamp":"2017-09-21T03:10:09.142Z"}
{"level":"info","message":"\u001b[33m404\u001b[39m GET 2ms /json {}","timestamp":"2017-09-21T03:10:09.642Z"}
{"level":"info","message":"\u001b[33m404\u001b[39m GET 3ms /json {}","timestamp":"2017-09-21T03:10:10.143Z"}
{"level":"info","message":"\u001b[33m404\u001b[39m GET 3ms /json {}","timestamp":"2017-09-21T03:10:10.642Z"}
{"level":"info","message":"\u001b[33m404\u001b[39m GET 2ms /json {}","timestamp":"2017-09-21T03:10:11.147Z"}
{"level":"info","message":"\u001b[33m404\u001b[39m GET 6ms /favicon.ico {}","timestamp":"2017-09-21T03:10:11.204Z"}
{"level":"info","message":"\u001b[33m404\u001b[39m GET 3ms /json {}","timestamp":"2017-09-21T03:10:11.644Z"}
{"level":"info","message":"\u001b[33m404\u001b[39m GET 2ms /json {}","timestamp":"2017-09-21T03:10:12.147Z"}
{"level":"info","message":"\u001b[33m404\u001b[39m GET 3ms /json {}","timestamp":"2017-09-21T03:10:12.642Z"}
{"level":"info","message":"\u001b[33m404\u001b[39m GET 2ms /json/version {}","timestamp":"2017-09-21T03:10:12.668Z"}
{"level":"info","message":"\u001b[33m404\u001b[39m GET 4ms /json {}","timestamp":"2017-09-21T03:10:12.672Z"}
{"level":"info","message":"\u001b[33m404\u001b[39m GET 5ms /json {}","timestamp":"2017-09-21T03:10:13.147Z"}
{"level":"info","message":"\u001b[33m404\u001b[39m GET 3ms /json {}","timestamp":"2017-09-21T03:10:13.642Z"}
{"level":"info","message":"\u001b[33m404\u001b[39m GET 3ms /json {}","timestamp":"2017-09-21T03:10:14.144Z"}
{"level":"info","message":"\u001b[33m404\u001b[39m GET 4ms /json {}","timestamp":"2017-09-21T03:10:14.642Z"}
{"level":"info","message":"\u001b[33m404\u001b[39m GET 3ms /json {}","timestamp":"2017-09-21T03:10:15.147Z"}
{"level":"info","message":"\u001b[33m404\u001b[39m GET 4ms /json {}","timestamp":"2017-09-21T03:10:15.644Z"}
{"level":"info","message":"\u001b[33m404\u001b[39m GET 4ms /json {}","timestamp":"2017-09-21T03:10:16.146Z"}
{"level":"info","message":"\u001b[33m404\u001b[39m GET 3ms /json {}","timestamp":"2017-09-21T03:10:16.644Z"}
{"level":"info","message":"\u001b[33m404\u001b[39m GET 3ms /json {}","timestamp":"2017-09-21T03:10:17.146Z"}
{"level":"info","message":"\u001b[33m404\u001b[39m GET 4ms /json {}","timestamp":"2017-09-21T03:10:17.644Z"}
{"level":"info","message":"\u001b[33m404\u001b[39m GET 4ms /json {}","timestamp":"2017-09-21T03:10:18.149Z"}
{"level":"info","message":"\u001b[33m404\u001b[39m GET 2ms /json {}","timestamp":"2017-09-21T03:10:18.643Z"}
{"level":"info","message":"\u001b[33m404\u001b[39m GET 2ms /json {}","timestamp":"2017-09-21T03:10:19.146Z"}
{"level":"info","message":"\u001b[33m404\u001b[39m GET 3ms /json {}","timestamp":"2017-09-21T03:10:19.642Z"}
{"level":"info","message":"\u001b[33m404\u001b[39m GET 2ms /json {}","timestamp":"2017-09-21T03:10:20.147Z"}
{"level":"info","message":"\u001b[33m404\u001b[39m GET 3ms /json {}","timestamp":"2017-09-21T03:10:20.643Z"}
{"level":"info","message":"\u001b[33m404\u001b[39m GET 3ms /favicon.ico {}","timestamp":"2017-09-21T03:10:20.765Z"}
{"level":"info","message":"\u001b[33m404\u001b[39m GET 6ms /json {}","timestamp":"2017-09-21T03:10:21.145Z"}
{"level":"info","message":"\u001b[33m404\u001b[39m GET 3ms /json {}","timestamp":"2017-09-21T03:10:21.641Z"}
{"level":"info","message":"\u001b[33m404\u001b[39m GET 4ms /favicon.ico {}","timestamp":"2017-09-21T03:10:21.657Z"}
{"level":"info","message":"\u001b[33m404\u001b[39m GET 3ms /favicon.ico {}","timestamp":"2017-09-21T03:10:22.078Z"}
{"level":"info","message":"\u001b[33m404\u001b[39m GET 3ms /json {}","timestamp":"2017-09-21T03:10:22.199Z"}
{"level":"info","message":"\u001b[33m404\u001b[39m GET 4ms /json {}","timestamp":"2017-09-21T03:10:22.652Z"}
{"level":"info","message":"\u001b[33m404\u001b[39m GET 3ms /json {}","timestamp":"2017-09-21T03:10:23.143Z"}
{"level":"info","message":"\u001b[33m404\u001b[39m GET 3ms /json {}","timestamp":"2017-09-21T03:10:23.643Z"}
{"level":"info","message":"\u001b[33m404\u001b[39m GET 3ms /json {}","timestamp":"2017-09-21T03:10:24.145Z"}
{"level":"info","message":"\u001b[33m404\u001b[39m GET 3ms /json {}","timestamp":"2017-09-21T03:10:24.643Z"}
{"level":"info","message":"\u001b[33m404\u001b[39m GET 2ms /json {}","timestamp":"2017-09-21T03:10:25.145Z"}
{"level":"info","message":"\u001b[33m404\u001b[39m GET 2ms /json {}","timestamp":"2017-09-21T03:10:25.643Z"}
{"level":"info","message":"\u001b[33m404\u001b[39m GET 3ms /json {}","timestamp":"2017-09-21T03:10:26.144Z"}
{"level":"info","message":"\u001b[33m404\u001b[39m GET 3ms /json {}","timestamp":"2017-09-21T03:10:26.643Z"}
{"level":"info","message":"\u001b[33m404\u001b[39m GET 4ms /json {}","timestamp":"2017-09-21T03:10:27.145Z"}
{"level":"info","message":"\u001b[33m404\u001b[39m GET 3ms /json {}","timestamp":"2017-09-21T03:10:27.644Z"}
{"level":"info","message":"\u001b[33m404\u001b[39m GET 2ms /json {}","timestamp":"2017-09-21T03:10:28.144Z"}
{"level":"info","message":"\u001b[33m404\u001b[39m GET 3ms /json {}","timestamp":"2017-09-21T03:10:28.643Z"}
{"level":"info","message":"\u001b[33m404\u001b[39m GET 4ms /json {}","timestamp":"2017-09-21T03:10:29.144Z"}
{"level":"info","message":"\u001b[33m404\u001b[39m GET 3ms /json {}","timestamp":"2017-09-21T03:10:29.643Z"}
{"level":"info","message":"\u001b[33m404\u001b[39m GET 6ms /json {}","timestamp":"2017-09-21T03:10:30.147Z"}
{"level":"info","message":"\u001b[33m404\u001b[39m GET 3ms /favicon.ico {}","timestamp":"2017-09-21T03:10:30.430Z"}
{"level":"info","message":"\u001b[33m404\u001b[39m GET 3ms /json {}","timestamp":"2017-09-21T03:10:30.642Z"}
{"level":"info","message":"\u001b[33m404\u001b[39m GET 2ms /json {}","timestamp":"2017-09-21T03:10:31.146Z"}
{"level":"info","message":"\u001b[33m404\u001b[39m GET 3ms /json {}","timestamp":"2017-09-21T03:10:31.642Z"}
{"level":"info","message":"\u001b[33m404\u001b[39m GET 2ms /json {}","timestamp":"2017-09-21T03:10:32.147Z"}
{"level":"info","message":"\u001b[33m404\u001b[39m GET 3ms /json {}","timestamp":"2017-09-21T03:10:32.642Z"}
{"level":"info","message":"\u001b[33m404\u001b[39m GET 2ms /json {}","timestamp":"2017-09-21T03:10:33.147Z"}
{"level":"info","message":"\u001b[33m404\u001b[39m GET 2ms /json {}","timestamp":"2017-09-21T03:10:33.644Z"}
{"level":"info","message":"\u001b[33m404\u001b[39m GET 2ms /json {}","timestamp":"2017-09-21T03:10:34.146Z"}
{"level":"info","message":"\u001b[33m404\u001b[39m GET 3ms /json {}","timestamp":"2017-09-21T03:10:34.645Z"}
{"level":"info","message":"\u001b[33m404\u001b[39m GET 3ms /json {}","timestamp":"2017-09-21T03:10:35.147Z"}
{"level":"info","message":"\u001b[33m404\u001b[39m GET 3ms /json {}","timestamp":"2017-09-21T03:10:35.644Z"}
{"level":"info","message":"\u001b[33m404\u001b[39m GET 3ms /json {}","timestamp":"2017-09-21T03:10:36.143Z"}
{"level":"info","message":"\u001b[33m404\u001b[39m GET 3ms /json {}","timestamp":"2017-09-21T03:10:36.646Z"}
{"level":"info","message":"\u001b[33m404\u001b[39m GET 2ms /json {}","timestamp":"2017-09-21T03:10:37.146Z"}
{"level":"info","message":"\u001b[33m404\u001b[39m GET 2ms /json {}","timestamp":"2017-09-21T03:10:37.644Z"}
{"level":"info","message":"\u001b[33m404\u001b[39m GET 4ms /json {}","timestamp":"2017-09-21T03:10:38.147Z"}
{"level":"info","message":"\u001b[33m404\u001b[39m GET 3ms /json {}","timestamp":"2017-09-21T03:10:38.734Z"}
{"level":"info","message":"\u001b[33m404\u001b[39m GET 3ms /json {}","timestamp":"2017-09-21T03:10:39.148Z"}
{"level":"info","message":"\u001b[33m404\u001b[39m GET 2ms /json {}","timestamp":"2017-09-21T03:10:39.643Z"}
{"level":"info","message":"\u001b[33m404\u001b[39m GET 3ms /json {}","timestamp":"2017-09-21T03:10:40.147Z"}
{"level":"info","message":"\u001b[33m404\u001b[39m GET 2ms /json {}","timestamp":"2017-09-21T03:10:40.643Z"}
{"level":"info","message":"\u001b[33m404\u001b[39m GET 3ms /json {}","timestamp":"2017-09-21T03:10:41.146Z"}
{"level":"info","message":"\u001b[33m404\u001b[39m GET 3ms /json {}","timestamp":"2017-09-21T03:10:41.643Z"}
{"level":"info","message":"\u001b[33m404\u001b[39m GET 4ms /json {}","timestamp":"2017-09-21T03:10:42.147Z"}
{"level":"info","message":"\u001b[33m404\u001b[39m GET 2ms /json {}","timestamp":"2017-09-21T03:10:42.644Z"}
{"level":"info","message":"\u001b[33m404\u001b[39m GET 3ms /json {}","timestamp":"2017-09-21T03:10:43.147Z"}
{"level":"info","message":"\u001b[33m404\u001b[39m GET 2ms /json {}","timestamp":"2017-09-21T03:10:43.644Z"}
{"level":"info","message":"\u001b[33m404\u001b[39m GET 4ms /json {}","timestamp":"2017-09-21T03:10:44.147Z"}
{"level":"info","message":"\u001b[33m404\u001b[39m GET 3ms /json {}","timestamp":"2017-09-21T03:10:44.645Z"}
{"level":"info","message":"\u001b[33m404\u001b[39m GET 4ms /json {}","timestamp":"2017-09-21T03:10:45.151Z"}
{"level":"info","message":"\u001b[33m404\u001b[39m GET 3ms /json {}","timestamp":"2017-09-21T03:10:45.644Z"}
{"level":"info","message":"\u001b[33m404\u001b[39m GET 3ms /json {}","timestamp":"2017-09-21T03:10:46.148Z"}
{"level":"info","message":"\u001b[33m404\u001b[39m GET 2ms /json {}","timestamp":"2017-09-21T03:10:46.643Z"}
{"level":"info","message":"\u001b[33m404\u001b[39m GET 3ms /json {}","timestamp":"2017-09-21T03:10:47.147Z"}
{"level":"info","message":"\u001b[33m404\u001b[39m GET 3ms /json {}","timestamp":"2017-09-21T03:10:47.643Z"}
{"level":"info","message":"\u001b[33m404\u001b[39m GET 2ms /json {}","timestamp":"2017-09-21T03:10:48.148Z"}
{"level":"info","message":"\u001b[33m404\u001b[39m GET 3ms /json {}","timestamp":"2017-09-21T03:10:48.644Z"}
{"level":"info","message":"\u001b[33m404\u001b[39m GET 3ms /json {}","timestamp":"2017-09-21T03:10:49.146Z"}
{"level":"info","message":"\u001b[33m404\u001b[39m GET 3ms /json {}","timestamp":"2017-09-21T03:10:49.643Z"}
{"level":"info","message":"\u001b[33m404\u001b[39m GET 4ms /json {}","timestamp":"2017-09-21T03:10:50.146Z"}
{"level":"info","message":"\u001b[33m404\u001b[39m GET 2ms /favicon.ico {}","timestamp":"2017-09-21T03:10:50.423Z"}
{"level":"info","message":"\u001b[33m404\u001b[39m GET 5ms /json {}","timestamp":"2017-09-21T03:10:50.739Z"}
{"level":"info","message":"\u001b[33m404\u001b[39m GET 3ms /json {}","timestamp":"2017-09-21T03:10:51.148Z"}
{"level":"info","message":"\u001b[33m404\u001b[39m GET 3ms /json {}","timestamp":"2017-09-21T03:10:51.643Z"}
{"level":"info","message":"\u001b[33m404\u001b[39m GET 2ms /json {}","timestamp":"2017-09-21T03:10:52.145Z"}
{"level":"info","message":"\u001b[33m404\u001b[39m GET 2ms /json {}","timestamp":"2017-09-21T03:10:52.643Z"}
{"level":"info","message":"\u001b[33m404\u001b[39m GET 3ms /json {}","timestamp":"2017-09-21T03:10:53.143Z"}
{"level":"info","message":"\u001b[33m404\u001b[39m GET 3ms /json {}","timestamp":"2017-09-21T03:10:53.645Z"}
{"level":"info","message":"\u001b[33m404\u001b[39m GET 3ms /json {}","timestamp":"2017-09-21T03:10:54.146Z"}
{"level":"info","message":"\u001b[33m404\u001b[39m GET 3ms /json {}","timestamp":"2017-09-21T03:10:54.645Z"}
{"level":"info","message":"\u001b[33m404\u001b[39m GET 2ms /json {}","timestamp":"2017-09-21T03:10:55.147Z"}
{"level":"info","message":"\u001b[33m404\u001b[39m GET 3ms /json {}","timestamp":"2017-09-21T03:10:55.646Z"}
{"level":"info","message":"\u001b[33m404\u001b[39m GET 3ms /json {}","timestamp":"2017-09-21T03:10:56.146Z"}
{"level":"info","message":"\u001b[33m404\u001b[39m GET 3ms /json {}","timestamp":"2017-09-21T03:10:56.644Z"}
{"level":"info","message":"\u001b[33m404\u001b[39m GET 2ms /json {}","timestamp":"2017-09-21T03:10:57.146Z"}
{"level":"info","message":"\u001b[33m404\u001b[39m GET 4ms /json {}","timestamp":"2017-09-21T03:10:57.676Z"}
{"level":"info","message":"\u001b[33m404\u001b[39m GET 8ms /favicon.ico {}","timestamp":"2017-09-21T03:10:57.815Z"}
{"level":"info","message":"\u001b[33m404\u001b[39m GET 4ms /favicon.ico {}","timestamp":"2017-09-21T03:10:57.958Z"}
{"level":"info","message":"\u001b[33m404\u001b[39m GET 4ms /favicon.ico {}","timestamp":"2017-09-21T03:10:58.153Z"}
{"level":"info","message":"\u001b[33m404\u001b[39m GET 6ms /json {}","timestamp":"2017-09-21T03:10:58.164Z"}
{"level":"info","message":"\u001b[33m404\u001b[39m GET 6ms /favicon.ico {}","timestamp":"2017-09-21T03:10:58.450Z"}
{"level":"info","message":"\u001b[33m404\u001b[39m GET 5ms /json {}","timestamp":"2017-09-21T03:10:58.694Z"}
{"level":"info","message":"\u001b[33m404\u001b[39m GET 3ms /json {}","timestamp":"2017-09-21T03:10:59.146Z"}
{"level":"info","message":"\u001b[33m404\u001b[39m GET 3ms /json {}","timestamp":"2017-09-21T03:10:59.644Z"}
{"level":"info","message":"\u001b[33m404\u001b[39m GET 2ms /json {}","timestamp":"2017-09-21T03:11:00.145Z"}
{"level":"info","message":"\u001b[33m404\u001b[39m GET 3ms /json {}","timestamp":"2017-09-21T03:11:00.645Z"}
{"level":"info","message":"\u001b[33m404\u001b[39m GET 3ms /json {}","timestamp":"2017-09-21T03:11:01.146Z"}
{"level":"info","message":"\u001b[33m404\u001b[39m GET 2ms /json {}","timestamp":"2017-09-21T03:11:01.643Z"}
{"level":"info","message":"\u001b[33m404\u001b[39m GET 2ms /json {}","timestamp":"2017-09-21T03:11:02.148Z"}
{"level":"info","message":"\u001b[33m404\u001b[39m GET 3ms /json {}","timestamp":"2017-09-21T03:11:02.644Z"}
{"level":"info","message":"\u001b[33m404\u001b[39m GET 3ms /json {}","timestamp":"2017-09-21T03:11:03.149Z"}
{"level":"info","message":"\u001b[33m404\u001b[39m GET 3ms /json {}","timestamp":"2017-09-21T03:11:03.643Z"}
{"level":"info","message":"\u001b[33m404\u001b[39m GET 2ms /json {}","timestamp":"2017-09-21T03:11:04.148Z"}
{"level":"info","message":"\u001b[33m404\u001b[39m GET 2ms /json {}","timestamp":"2017-09-21T03:11:04.646Z"}
{"level":"info","message":"\u001b[33m404\u001b[39m GET 2ms /json {}","timestamp":"2017-09-21T03:11:05.147Z"}
{"level":"info","message":"\u001b[33m404\u001b[39m GET 3ms /json {}","timestamp":"2017-09-21T03:11:05.644Z"}
{"level":"info","message":"\u001b[33m404\u001b[39m GET 3ms /json {}","timestamp":"2017-09-21T03:11:06.147Z"}
{"level":"info","message":"\u001b[33m404\u001b[39m GET 2ms /json {}","timestamp":"2017-09-21T03:11:06.646Z"}
{"level":"info","message":"\u001b[33m404\u001b[39m GET 2ms /json {}","timestamp":"2017-09-21T03:11:07.148Z"}
{"level":"info","message":"\u001b[33m404\u001b[39m GET 3ms /json {}","timestamp":"2017-09-21T03:11:07.645Z"}
{"level":"info","message":"\u001b[33m404\u001b[39m GET 3ms /json {}","timestamp":"2017-09-21T03:11:08.148Z"}
{"level":"info","message":"\u001b[33m404\u001b[39m GET 3ms /json {}","timestamp":"2017-09-21T03:11:08.644Z"}
{"level":"info","message":"\u001b[33m404\u001b[39m GET 5ms /json {}","timestamp":"2017-09-21T03:11:09.178Z"}
{"level":"info","message":"\u001b[33m404\u001b[39m GET 2ms /favicon.ico {}","timestamp":"2017-09-21T03:11:09.228Z"}
{"level":"info","message":"\u001b[33m404\u001b[39m GET 4ms /json {}","timestamp":"2017-09-21T03:11:09.643Z"}
{"level":"info","message":"\u001b[33m404\u001b[39m GET 3ms /json {}","timestamp":"2017-09-21T03:11:10.148Z"}
{"level":"info","message":"\u001b[33m404\u001b[39m GET 2ms /json {}","timestamp":"2017-09-21T03:11:10.646Z"}
{"level":"info","message":"\u001b[33m404\u001b[39m GET 3ms /favicon.ico {}","timestamp":"2017-09-21T03:11:11.195Z"}
{"level":"info","message":"\u001b[33m404\u001b[39m GET 4ms /favicon.ico {}","timestamp":"2017-09-21T03:11:16.590Z"}
{"level":"info","message":"\u001b[33m404\u001b[39m GET 2ms /favicon.ico {}","timestamp":"2017-09-21T03:11:24.370Z"}
{"level":"info","message":"\u001b[33m404\u001b[39m GET 3ms /json/version {}","timestamp":"2017-09-21T03:11:29.074Z"}
{"level":"info","message":"\u001b[33m404\u001b[39m GET 3ms /json {}","timestamp":"2017-09-21T03:11:29.078Z"}
{"level":"info","message":"\u001b[33m404\u001b[39m GET 7ms /favicon.ico {}","timestamp":"2017-09-21T03:11:44.938Z"}
{"level":"info","message":"\u001b[33m404\u001b[39m GET 7ms /favicon.ico {}","timestamp":"2017-09-21T03:12:41.037Z"}
{"level":"info","message":"\u001b[33m404\u001b[39m GET 3ms /favicon.ico {}","timestamp":"2017-09-21T03:12:41.346Z"}
{"level":"info","message":"\u001b[33m404\u001b[39m GET 4ms /json/version {}","timestamp":"2017-09-21T03:12:45.336Z"}
{"level":"info","message":"\u001b[33m404\u001b[39m GET 5ms /json {}","timestamp":"2017-09-21T03:12:45.343Z"}
{"level":"info","message":"\u001b[33m404\u001b[39m GET 6ms /favicon.ico {}","timestamp":"2017-09-21T03:12:50.476Z"}
{"level":"info","message":"\u001b[33m404\u001b[39m GET 4ms /favicon.ico {}","timestamp":"2017-09-21T03:13:05.625Z"}
{"level":"info","message":"\u001b[33m404\u001b[39m GET 5ms /favicon.ico {}","timestamp":"2017-09-21T03:14:00.668Z"}
{"level":"info","message":"\u001b[33m404\u001b[39m GET 5ms /json/version {}","timestamp":"2017-09-21T03:14:02.938Z"}
{"level":"info","message":"\u001b[33m404\u001b[39m GET 4ms /json {}","timestamp":"2017-09-21T03:14:02.943Z"}
{"level":"info","message":"\u001b[33m404\u001b[39m GET 4ms /favicon.ico {}","timestamp":"2017-09-21T03:14:12.329Z"}
{"level":"info","message":"\u001b[33m404\u001b[39m GET 3ms /favicon.ico {}","timestamp":"2017-09-21T03:14:24.603Z"}
{"level":"info","message":"\u001b[33m404\u001b[39m GET 3ms /json/version {}","timestamp":"2017-09-21T03:15:19.190Z"}
{"level":"info","message":"\u001b[33m404\u001b[39m GET 4ms /json {}","timestamp":"2017-09-21T03:15:19.195Z"}
{"level":"info","message":"\u001b[33m404\u001b[39m GET 4ms /json/version {}","timestamp":"2017-09-21T03:16:35.482Z"}
{"level":"info","message":"\u001b[33m404\u001b[39m GET 3ms /json {}","timestamp":"2017-09-21T03:16:35.485Z"}
{"level":"info","message":"\u001b[33m404\u001b[39m GET 4ms /json/version {}","timestamp":"2017-09-21T03:17:52.595Z"}
{"level":"info","message":"\u001b[33m404\u001b[39m GET 3ms /json {}","timestamp":"2017-09-21T03:17:52.599Z"}
{"level":"info","message":"\u001b[33m404\u001b[39m GET 6ms /favicon.ico {}","timestamp":"2017-09-21T03:18:51.659Z"}
{"level":"info","message":"\u001b[33m404\u001b[39m GET 6ms /favicon.ico {}","timestamp":"2017-09-21T03:18:54.730Z"}
{"level":"info","message":"\u001b[33m404\u001b[39m GET 4ms /favicon.ico {}","timestamp":"2017-09-21T03:18:55.877Z"}
{"level":"info","message":"\u001b[33m404\u001b[39m GET 3ms /favicon.ico {}","timestamp":"2017-09-21T03:18:56.411Z"}
{"level":"info","message":"\u001b[36m302\u001b[39m GET 0ms / {}","timestamp":"2017-09-21T03:38:31.066Z"}
{"level":"info","message":"\u001b[36m304\u001b[39m GET 1ms /auth/login {}","timestamp":"2017-09-21T03:38:31.072Z"}
{"level":"info","message":"\u001b[32m200\u001b[39m GET 4ms /auth/signup {}","timestamp":"2017-09-21T03:38:46.169Z"}
{"level":"info","message":"\u001b[36m302\u001b[39m POST 12ms /auth/signup {\"username\":\"julian\",\"email\":\"12\",\"password\":\"1111\"}","timestamp":"2017-09-21T03:38:54.330Z"}
{"level":"info","message":"\u001b[32m200\u001b[39m GET 1ms /auth/signup {}","timestamp":"2017-09-21T03:38:54.340Z"}
